[21:12:12.166][info] [#0:/Users/martes/bin/lua-language-server/main.lua:65]: Lua Lsp startup, root: 	/Users/martes/bin/lua-language-server
[21:12:12.167][info] [#0:/Users/martes/bin/lua-language-server/main.lua:66]: ROOT:	/Users/martes/bin/lua-language-server
[21:12:12.167][info] [#0:/Users/martes/bin/lua-language-server/main.lua:67]: LOGPATH:	/Users/martes/bin/lua-language-server/log
[21:12:12.167][info] [#0:/Users/martes/bin/lua-language-server/main.lua:68]: METAPATH:	/Users/martes/bin/lua-language-server/meta
[21:12:12.167][info] [#0:/Users/martes/bin/lua-language-server/main.lua:69]: VERSION:	3.2.4
[21:12:12.218][info] [#0:script/service/service.lua:141]: 
========= Medical Examination Report =========
    --------------- Memory ---------------
        Total: 1.435 MB
        # 00 : 1.435 MB
        # 01 : 0.000 MB
        # 02 : 0.000 MB
        # 03 : 0.000 MB
        # 04 : 0.000 MB
    --------------- Coroutine ---------------
        Total:     0
        Running:   0
        Suspended: 0
        Normal:    0
        Dead:      0
    --------------- Cache ---------------
        Total: 1
        Dead:  0
    ---------------  RPC  ---------------
        Holdon:   0
        Waiting:  0
==============================================
[21:12:12.326][info] [#0:script/language.lua:137]: VSC language: nil
[21:12:12.326][info] [#0:script/language.lua:138]: LS  language: en-us
[21:12:12.335][info] [#0:script/provider/provider.lua:55]: Load config from client	fallback
[21:12:12.335][info] [#0:script/library.lua:207]: Init builtin library at:	nil
[21:12:12.354][info] [#0:script/plugin.lua:80]: plugin path:	nil
[21:12:12.354][info] [#0:script/provider/provider.lua:55]: Load config from client	fallback
[21:12:12.355][info] [#0:script/workspace/workspace.lua:285]: Preload start:	<fallback>
[21:12:12.355][info] [#0:script/workspace/workspace.lua:307]: Scan library at:	file:///Users/martes/bin/lua-language-server/meta/LuaJIT%20en-us%20utf8
[21:12:12.356][info] [#0:script/workspace/workspace.lua:307]: Scan library at:	file:///usr/local/Cellar/neovim/0.7.0/share/nvim/runtime/lua
[21:12:12.359][info] [#0:script/workspace/workspace.lua:307]: Scan library at:	file:///usr/local/Cellar/neovim/0.7.0/share/nvim/runtime/lua/vim/lsp
[21:12:14.261][info] [#0:script/workspace/workspace.lua:327]: Found 59 files at:	<fallback>
[21:12:14.261][info] [#0:script/workspace/loading.lua:152]: Load files from disk:	<fallback>
[21:12:14.641][info] [#0:script/workspace/loading.lua:164]: Loaded files takes [0.383] sec: <fallback>
[21:12:14.641][info] [#0:script/workspace/loading.lua:173]: Compile files takes [0.000] sec: <fallback>
[21:12:14.641][info] [#0:script/workspace/loading.lua:174]: Loaded finish:	<fallback>
[21:12:14.641][info] [#0:script/workspace/workspace.lua:329]: Preload finish at:	<fallback>
[21:12:14.641][info] [#0:script/provider/diagnostic.lua:393]: Diagnostics scope [<fallback>], files count:[48]
[21:12:14.650][info] [#0:script/provider/diagnostic.lua:410]: Diagnostics scope [<fallback>] finished, takes [0.009] sec.
[21:12:18.267][info] [#0:script/provider/diagnostic.lua:393]: Diagnostics scope [<fallback>], files count:[47]
[21:12:18.268][info] [#0:script/provider/diagnostic.lua:410]: Diagnostics scope [<fallback>] finished, takes [0.001] sec.
[21:12:23.511][info] [#0:script/provider/diagnostic.lua:150]: clearDiagnostics	file:///Users/martes/.config/nvim/lua/martes/lsp.lua
[21:12:39.336][info] [#0:script/provider/diagnostic.lua:393]: Diagnostics scope [<fallback>], files count:[47]
[21:12:39.336][info] [#0:script/provider/diagnostic.lua:410]: Diagnostics scope [<fallback>] finished, takes [0.001] sec.
[21:12:41.345][info] [#0:script/provider/diagnostic.lua:393]: Diagnostics scope [<fallback>], files count:[47]
[21:12:41.346][info] [#0:script/provider/diagnostic.lua:410]: Diagnostics scope [<fallback>] finished, takes [0.001] sec.
[21:12:44.359][info] [#0:script/provider/diagnostic.lua:393]: Diagnostics scope [<fallback>], files count:[47]
[21:12:44.360][info] [#0:script/provider/diagnostic.lua:410]: Diagnostics scope [<fallback>] finished, takes [0.002] sec.
[21:12:52.382][info] [#0:script/provider/diagnostic.lua:393]: Diagnostics scope [<fallback>], files count:[47]
[21:12:52.383][info] [#0:script/provider/diagnostic.lua:410]: Diagnostics scope [<fallback>] finished, takes [0.002] sec.
[21:12:55.393][info] [#0:script/provider/diagnostic.lua:393]: Diagnostics scope [<fallback>], files count:[47]
[21:12:55.394][info] [#0:script/provider/diagnostic.lua:410]: Diagnostics scope [<fallback>] finished, takes [0.001] sec.
[21:13:01.722][info] [#0:script/provider/provider.lua:167]: Server shutdown.
[21:13:01.722][warn] [#0:script/pub/report.lua:25]: Load proto error:	Disconnected!
